<?xml version="1.0" encoding="UTF-8"?>
<!-- Generated by org.testng.reporters.JUnitXMLReporter -->
<testsuite hostname="Shashank-PC" ignored="0" name="Test" tests="34" failures="4" timestamp="03 Dec 2019 12:49:38 GMT" time="39.13" errors="0">
  <testcase name="checkContentEncoding" time="0.015" classname="com.employee.testcases.TC003_Post_Employee_Record"/>
  <testcase name="checkContentType" time="0.0" classname="com.employee.testcases.TC003_Post_Employee_Record"/>
  <testcase name="checkResponseBody" time="0.047" classname="com.employee.testcases.TC003_Post_Employee_Record"/>
  <testcase name="checkServerType" time="0.016" classname="com.employee.testcases.TC003_Post_Employee_Record"/>
  <testcase name="checkStatusCode" time="0.015" classname="com.employee.testcases.TC003_Post_Employee_Record"/>
  <testcase name="checkStatusLine" time="0.0" classname="com.employee.testcases.TC003_Post_Employee_Record"/>
  <testcase name="checkContentEncoding" time="0.031" classname="com.employee.testcases.TC001_Get_All_Employees"/>
  <testcase name="checkContentLength" time="0.0" classname="com.employee.testcases.TC001_Get_All_Employees">
    <failure type="java.lang.NumberFormatException" message="null">
      <![CDATA[java.lang.NumberFormatException: null
at java.lang.Integer.parseInt(Integer.java:542)
at java.lang.Integer.parseInt(Integer.java:615)
at com.employee.testcases.TC001_Get_All_Employees.checkContentLength(TC001_Get_All_Employees.java:101)
... Removed 25 stack frames]]>
    </failure>
  </testcase> <!-- checkContentLength -->
  <testcase name="checkContentType" time="0.0" classname="com.employee.testcases.TC001_Get_All_Employees"/>
  <testcase name="checkCookies" time="0.016" classname="com.employee.testcases.TC001_Get_All_Employees"/>
  <testcase name="checkResponseBody" time="0.015" classname="com.employee.testcases.TC001_Get_All_Employees"/>
  <testcase name="checkResponseTime" time="0.016" classname="com.employee.testcases.TC001_Get_All_Employees"/>
  <testcase name="checkServerType" time="0.016" classname="com.employee.testcases.TC001_Get_All_Employees"/>
  <testcase name="checkStatusCode" time="0.0" classname="com.employee.testcases.TC001_Get_All_Employees"/>
  <testcase name="checkStatusLine" time="0.0" classname="com.employee.testcases.TC001_Get_All_Employees"/>
  <testcase name="checkContentEncoding" time="0.0" classname="com.employee.testcases.TC004_Put_Employee_Record"/>
  <testcase name="checkContentType" time="0.0" classname="com.employee.testcases.TC004_Put_Employee_Record"/>
  <testcase name="checkResponseBody" time="0.0" classname="com.employee.testcases.TC004_Put_Employee_Record"/>
  <testcase name="checkServerType" time="0.017" classname="com.employee.testcases.TC004_Put_Employee_Record">
    <failure type="junit.framework.ComparisonFailure" message="expected:&amp;lt;[Apache]&amp;gt; but was:&amp;lt;[nginx/1.16.0]&amp;gt;">
      <![CDATA[junit.framework.ComparisonFailure: expected:<[Apache]> but was:<[nginx/1.16.0]>
at junit.framework.Assert.assertEquals(Assert.java:85)
at junit.framework.Assert.assertEquals(Assert.java:91)
at com.employee.testcases.TC004_Put_Employee_Record.checkServerType(TC004_Put_Employee_Record.java:88)
... Removed 25 stack frames]]>
    </failure>
  </testcase> <!-- checkServerType -->
  <testcase name="checkStatusCode" time="0.0" classname="com.employee.testcases.TC004_Put_Employee_Record"/>
  <testcase name="checkStatusLine" time="0.0" classname="com.employee.testcases.TC004_Put_Employee_Record"/>
  <testcase name="checkContentEncoding" time="0.0" classname="com.employee.testcases.TC005_Delete_Employee_Record"/>
  <testcase name="checkContentType" time="0.0" classname="com.employee.testcases.TC005_Delete_Employee_Record"/>
  <testcase name="checkResponseBody" time="0.0" classname="com.employee.testcases.TC005_Delete_Employee_Record">
    <failure type="junit.framework.AssertionFailedError">
      <![CDATA[junit.framework.AssertionFailedError
at junit.framework.Assert.fail(Assert.java:48)
at junit.framework.Assert.assertTrue(Assert.java:20)
at junit.framework.Assert.assertTrue(Assert.java:27)
at com.employee.testcases.TC005_Delete_Employee_Record.checkResponseBody(TC005_Delete_Employee_Record.java:42)
... Removed 25 stack frames]]>
    </failure>
  </testcase> <!-- checkResponseBody -->
  <testcase name="checkServerType" time="0.006" classname="com.employee.testcases.TC005_Delete_Employee_Record">
    <failure type="junit.framework.ComparisonFailure" message="expected:&amp;lt;[Apache]&amp;gt; but was:&amp;lt;[nginx/1.16.0]&amp;gt;">
      <![CDATA[junit.framework.ComparisonFailure: expected:<[Apache]> but was:<[nginx/1.16.0]>
at junit.framework.Assert.assertEquals(Assert.java:85)
at junit.framework.Assert.assertEquals(Assert.java:91)
at com.employee.testcases.TC005_Delete_Employee_Record.checkServerType(TC005_Delete_Employee_Record.java:84)
... Removed 25 stack frames]]>
    </failure>
  </testcase> <!-- checkServerType -->
  <testcase name="checkStatusCode" time="0.0" classname="com.employee.testcases.TC005_Delete_Employee_Record"/>
  <testcase name="checkStatusLine" time="0.0" classname="com.employee.testcases.TC005_Delete_Employee_Record"/>
  <testcase name="checkContentLength" time="0.0" classname="com.employee.testcases.TC002_Get_Single_Employee_Record"/>
  <testcase name="checkContentType" time="0.016" classname="com.employee.testcases.TC002_Get_Single_Employee_Record"/>
  <testcase name="checkResponseBody" time="0.015" classname="com.employee.testcases.TC002_Get_Single_Employee_Record"/>
  <testcase name="checkResponseTime" time="0.0" classname="com.employee.testcases.TC002_Get_Single_Employee_Record"/>
  <testcase name="checkServerType" time="0.006" classname="com.employee.testcases.TC002_Get_Single_Employee_Record"/>
  <testcase name="checkStatusCode" time="0.005" classname="com.employee.testcases.TC002_Get_Single_Employee_Record"/>
  <testcase name="checkStatusLine" time="0.004" classname="com.employee.testcases.TC002_Get_Single_Employee_Record"/>
</testsuite> <!-- Test -->
