<?xml version="1.0" encoding="UTF-8"?>
<testng-results skipped="0" failed="4" ignored="0" total="34" passed="30">
  <reporter-output>
  </reporter-output>
  <suite name="Suite" duration-ms="39130" started-at="2019-12-03T12:48:59Z" finished-at="2019-12-03T12:49:38Z">
    <groups>
    </groups>
    <test name="Test" duration-ms="39130" started-at="2019-12-03T12:48:59Z" finished-at="2019-12-03T12:49:38Z">
      <class name="com.employee.testcases.TC003_Post_Employee_Record">
        <test-method status="PASS" signature="setUp()[pri:0, instance:com.employee.testcases.TC003_Post_Employee_Record@57baeedf]" name="setUp" is-config="true" duration-ms="136" started-at="2019-12-03T12:49:00Z" finished-at="2019-12-03T12:49:00Z">
          <reporter-output>
          </reporter-output>
        </test-method> <!-- setUp -->
        <test-method status="PASS" signature="createEmployee()[pri:0, instance:com.employee.testcases.TC003_Post_Employee_Record@57baeedf]" name="createEmployee" is-config="true" duration-ms="13013" started-at="2019-12-03T12:49:00Z" finished-at="2019-12-03T12:49:13Z">
          <reporter-output>
          </reporter-output>
        </test-method> <!-- createEmployee -->
        <test-method status="PASS" signature="checkContentEncoding()[pri:0, instance:com.employee.testcases.TC003_Post_Employee_Record@57baeedf]" name="checkContentEncoding" duration-ms="15" started-at="2019-12-03T12:49:13Z" finished-at="2019-12-03T12:49:13Z">
          <reporter-output>
          </reporter-output>
        </test-method> <!-- checkContentEncoding -->
        <test-method status="PASS" signature="checkResponseBody()[pri:0, instance:com.employee.testcases.TC003_Post_Employee_Record@57baeedf]" name="checkResponseBody" duration-ms="47" started-at="2019-12-03T12:49:13Z" finished-at="2019-12-03T12:49:13Z">
          <reporter-output>
          </reporter-output>
        </test-method> <!-- checkResponseBody -->
        <test-method status="PASS" signature="checkContentType()[pri:0, instance:com.employee.testcases.TC003_Post_Employee_Record@57baeedf]" name="checkContentType" duration-ms="0" started-at="2019-12-03T12:49:13Z" finished-at="2019-12-03T12:49:13Z">
          <reporter-output>
          </reporter-output>
        </test-method> <!-- checkContentType -->
        <test-method status="PASS" signature="checkServerType()[pri:0, instance:com.employee.testcases.TC003_Post_Employee_Record@57baeedf]" name="checkServerType" duration-ms="16" started-at="2019-12-03T12:49:13Z" finished-at="2019-12-03T12:49:13Z">
          <reporter-output>
          </reporter-output>
        </test-method> <!-- checkServerType -->
        <test-method status="PASS" signature="checkStatusCode()[pri:0, instance:com.employee.testcases.TC003_Post_Employee_Record@57baeedf]" name="checkStatusCode" duration-ms="15" started-at="2019-12-03T12:49:13Z" finished-at="2019-12-03T12:49:13Z">
          <reporter-output>
          </reporter-output>
        </test-method> <!-- checkStatusCode -->
        <test-method status="PASS" signature="checkStatusLine()[pri:0, instance:com.employee.testcases.TC003_Post_Employee_Record@57baeedf]" name="checkStatusLine" duration-ms="0" started-at="2019-12-03T12:49:13Z" finished-at="2019-12-03T12:49:13Z">
          <reporter-output>
          </reporter-output>
        </test-method> <!-- checkStatusLine -->
        <test-method status="PASS" signature="tearDown()[pri:0, instance:com.employee.testcases.TC003_Post_Employee_Record@57baeedf]" name="tearDown" is-config="true" duration-ms="0" started-at="2019-12-03T12:49:13Z" finished-at="2019-12-03T12:49:13Z">
          <reporter-output>
          </reporter-output>
        </test-method> <!-- tearDown -->
      </class> <!-- com.employee.testcases.TC003_Post_Employee_Record -->
      <class name="com.employee.testcases.TC004_Put_Employee_Record">
        <test-method status="PASS" signature="setUp()[pri:0, instance:com.employee.testcases.TC004_Put_Employee_Record@53b32d7]" name="setUp" is-config="true" duration-ms="15" started-at="2019-12-03T12:49:18Z" finished-at="2019-12-03T12:49:18Z">
          <reporter-output>
          </reporter-output>
        </test-method> <!-- setUp -->
        <test-method status="PASS" signature="updateEmployee()[pri:0, instance:com.employee.testcases.TC004_Put_Employee_Record@53b32d7]" name="updateEmployee" is-config="true" duration-ms="6124" started-at="2019-12-03T12:49:18Z" finished-at="2019-12-03T12:49:24Z">
          <reporter-output>
          </reporter-output>
        </test-method> <!-- updateEmployee -->
        <test-method status="PASS" signature="checkContentEncoding()[pri:0, instance:com.employee.testcases.TC004_Put_Employee_Record@53b32d7]" name="checkContentEncoding" duration-ms="0" started-at="2019-12-03T12:49:24Z" finished-at="2019-12-03T12:49:24Z">
          <reporter-output>
          </reporter-output>
        </test-method> <!-- checkContentEncoding -->
        <test-method status="PASS" signature="checkContentType()[pri:0, instance:com.employee.testcases.TC004_Put_Employee_Record@53b32d7]" name="checkContentType" duration-ms="0" started-at="2019-12-03T12:49:24Z" finished-at="2019-12-03T12:49:24Z">
          <reporter-output>
          </reporter-output>
        </test-method> <!-- checkContentType -->
        <test-method status="FAIL" signature="checkServerType()[pri:0, instance:com.employee.testcases.TC004_Put_Employee_Record@53b32d7]" name="checkServerType" duration-ms="17" started-at="2019-12-03T12:49:24Z" finished-at="2019-12-03T12:49:24Z">
          <exception class="junit.framework.ComparisonFailure">
            <message>
              <![CDATA[expected:<[Apache]> but was:<[nginx/1.16.0]>]]>
            </message>
            <full-stacktrace>
              <![CDATA[junit.framework.ComparisonFailure: expected:<[Apache]> but was:<[nginx/1.16.0]>
at junit.framework.Assert.assertEquals(Assert.java:85)
at junit.framework.Assert.assertEquals(Assert.java:91)
at com.employee.testcases.TC004_Put_Employee_Record.checkServerType(TC004_Put_Employee_Record.java:88)
at sun.reflect.NativeMethodAccessorImpl.invoke0(Native Method)
at sun.reflect.NativeMethodAccessorImpl.invoke(NativeMethodAccessorImpl.java:62)
at sun.reflect.DelegatingMethodAccessorImpl.invoke(DelegatingMethodAccessorImpl.java:43)
at java.lang.reflect.Method.invoke(Method.java:498)
at org.testng.internal.MethodInvocationHelper.invokeMethod(MethodInvocationHelper.java:124)
at org.testng.internal.Invoker.invokeMethod(Invoker.java:583)
at org.testng.internal.Invoker.invokeTestMethod(Invoker.java:719)
at org.testng.internal.Invoker.invokeTestMethods(Invoker.java:989)
at org.testng.internal.TestMethodWorker.invokeTestMethods(TestMethodWorker.java:125)
at org.testng.internal.TestMethodWorker.run(TestMethodWorker.java:109)
at org.testng.TestRunner.privateRun(TestRunner.java:648)
at org.testng.TestRunner.run(TestRunner.java:505)
at org.testng.SuiteRunner.runTest(SuiteRunner.java:455)
at org.testng.SuiteRunner.runSequentially(SuiteRunner.java:450)
at org.testng.SuiteRunner.privateRun(SuiteRunner.java:415)
at org.testng.SuiteRunner.run(SuiteRunner.java:364)
at org.testng.SuiteRunnerWorker.runSuite(SuiteRunnerWorker.java:52)
at org.testng.SuiteRunnerWorker.run(SuiteRunnerWorker.java:84)
at org.testng.TestNG.runSuitesSequentially(TestNG.java:1208)
at org.testng.TestNG.runSuitesLocally(TestNG.java:1137)
at org.testng.TestNG.runSuites(TestNG.java:1049)
at org.testng.TestNG.run(TestNG.java:1017)
at org.testng.remote.AbstractRemoteTestNG.run(AbstractRemoteTestNG.java:115)
at org.testng.remote.RemoteTestNG.initAndRun(RemoteTestNG.java:251)
at org.testng.remote.RemoteTestNG.main(RemoteTestNG.java:77)
]]>
            </full-stacktrace>
          </exception> <!-- junit.framework.ComparisonFailure -->
          <reporter-output>
          </reporter-output>
        </test-method> <!-- checkServerType -->
        <test-method status="PASS" signature="checkResponseBody()[pri:0, instance:com.employee.testcases.TC004_Put_Employee_Record@53b32d7]" name="checkResponseBody" duration-ms="0" started-at="2019-12-03T12:49:24Z" finished-at="2019-12-03T12:49:24Z">
          <reporter-output>
          </reporter-output>
        </test-method> <!-- checkResponseBody -->
        <test-method status="PASS" signature="checkStatusCode()[pri:0, instance:com.employee.testcases.TC004_Put_Employee_Record@53b32d7]" name="checkStatusCode" duration-ms="0" started-at="2019-12-03T12:49:24Z" finished-at="2019-12-03T12:49:24Z">
          <reporter-output>
          </reporter-output>
        </test-method> <!-- checkStatusCode -->
        <test-method status="PASS" signature="tearDown()[pri:0, instance:com.employee.testcases.TC004_Put_Employee_Record@53b32d7]" name="tearDown" is-config="true" duration-ms="0" started-at="2019-12-03T12:49:24Z" finished-at="2019-12-03T12:49:24Z">
          <reporter-output>
          </reporter-output>
        </test-method> <!-- tearDown -->
        <test-method status="PASS" signature="checkStatusLine()[pri:0, instance:com.employee.testcases.TC004_Put_Employee_Record@53b32d7]" name="checkStatusLine" duration-ms="0" started-at="2019-12-03T12:49:24Z" finished-at="2019-12-03T12:49:24Z">
          <reporter-output>
          </reporter-output>
        </test-method> <!-- checkStatusLine -->
      </class> <!-- com.employee.testcases.TC004_Put_Employee_Record -->
      <class name="com.employee.testcases.TC005_Delete_Employee_Record">
        <test-method status="PASS" signature="setUp()[pri:0, instance:com.employee.testcases.TC005_Delete_Employee_Record@5442a311]" name="setUp" is-config="true" duration-ms="16" started-at="2019-12-03T12:49:24Z" finished-at="2019-12-03T12:49:24Z">
          <reporter-output>
          </reporter-output>
        </test-method> <!-- setUp -->
        <test-method status="PASS" signature="deleteEmployee()[pri:0, instance:com.employee.testcases.TC005_Delete_Employee_Record@5442a311]" name="deleteEmployee" is-config="true" duration-ms="9786" started-at="2019-12-03T12:49:24Z" finished-at="2019-12-03T12:49:34Z">
          <reporter-output>
          </reporter-output>
        </test-method> <!-- deleteEmployee -->
        <test-method status="PASS" signature="checkContentEncoding()[pri:0, instance:com.employee.testcases.TC005_Delete_Employee_Record@5442a311]" name="checkContentEncoding" duration-ms="0" started-at="2019-12-03T12:49:34Z" finished-at="2019-12-03T12:49:34Z">
          <reporter-output>
          </reporter-output>
        </test-method> <!-- checkContentEncoding -->
        <test-method status="PASS" signature="checkContentType()[pri:0, instance:com.employee.testcases.TC005_Delete_Employee_Record@5442a311]" name="checkContentType" duration-ms="0" started-at="2019-12-03T12:49:34Z" finished-at="2019-12-03T12:49:34Z">
          <reporter-output>
          </reporter-output>
        </test-method> <!-- checkContentType -->
        <test-method status="FAIL" signature="checkResponseBody()[pri:0, instance:com.employee.testcases.TC005_Delete_Employee_Record@5442a311]" name="checkResponseBody" duration-ms="0" started-at="2019-12-03T12:49:34Z" finished-at="2019-12-03T12:49:34Z">
          <exception class="junit.framework.AssertionFailedError">
            <full-stacktrace>
              <![CDATA[junit.framework.AssertionFailedError
at junit.framework.Assert.fail(Assert.java:48)
at junit.framework.Assert.assertTrue(Assert.java:20)
at junit.framework.Assert.assertTrue(Assert.java:27)
at com.employee.testcases.TC005_Delete_Employee_Record.checkResponseBody(TC005_Delete_Employee_Record.java:42)
at sun.reflect.NativeMethodAccessorImpl.invoke0(Native Method)
at sun.reflect.NativeMethodAccessorImpl.invoke(NativeMethodAccessorImpl.java:62)
at sun.reflect.DelegatingMethodAccessorImpl.invoke(DelegatingMethodAccessorImpl.java:43)
at java.lang.reflect.Method.invoke(Method.java:498)
at org.testng.internal.MethodInvocationHelper.invokeMethod(MethodInvocationHelper.java:124)
at org.testng.internal.Invoker.invokeMethod(Invoker.java:583)
at org.testng.internal.Invoker.invokeTestMethod(Invoker.java:719)
at org.testng.internal.Invoker.invokeTestMethods(Invoker.java:989)
at org.testng.internal.TestMethodWorker.invokeTestMethods(TestMethodWorker.java:125)
at org.testng.internal.TestMethodWorker.run(TestMethodWorker.java:109)
at org.testng.TestRunner.privateRun(TestRunner.java:648)
at org.testng.TestRunner.run(TestRunner.java:505)
at org.testng.SuiteRunner.runTest(SuiteRunner.java:455)
at org.testng.SuiteRunner.runSequentially(SuiteRunner.java:450)
at org.testng.SuiteRunner.privateRun(SuiteRunner.java:415)
at org.testng.SuiteRunner.run(SuiteRunner.java:364)
at org.testng.SuiteRunnerWorker.runSuite(SuiteRunnerWorker.java:52)
at org.testng.SuiteRunnerWorker.run(SuiteRunnerWorker.java:84)
at org.testng.TestNG.runSuitesSequentially(TestNG.java:1208)
at org.testng.TestNG.runSuitesLocally(TestNG.java:1137)
at org.testng.TestNG.runSuites(TestNG.java:1049)
at org.testng.TestNG.run(TestNG.java:1017)
at org.testng.remote.AbstractRemoteTestNG.run(AbstractRemoteTestNG.java:115)
at org.testng.remote.RemoteTestNG.initAndRun(RemoteTestNG.java:251)
at org.testng.remote.RemoteTestNG.main(RemoteTestNG.java:77)
]]>
            </full-stacktrace>
          </exception> <!-- junit.framework.AssertionFailedError -->
          <reporter-output>
          </reporter-output>
        </test-method> <!-- checkResponseBody -->
        <test-method status="FAIL" signature="checkServerType()[pri:0, instance:com.employee.testcases.TC005_Delete_Employee_Record@5442a311]" name="checkServerType" duration-ms="6" started-at="2019-12-03T12:49:34Z" finished-at="2019-12-03T12:49:34Z">
          <exception class="junit.framework.ComparisonFailure">
            <message>
              <![CDATA[expected:<[Apache]> but was:<[nginx/1.16.0]>]]>
            </message>
            <full-stacktrace>
              <![CDATA[junit.framework.ComparisonFailure: expected:<[Apache]> but was:<[nginx/1.16.0]>
at junit.framework.Assert.assertEquals(Assert.java:85)
at junit.framework.Assert.assertEquals(Assert.java:91)
at com.employee.testcases.TC005_Delete_Employee_Record.checkServerType(TC005_Delete_Employee_Record.java:84)
at sun.reflect.NativeMethodAccessorImpl.invoke0(Native Method)
at sun.reflect.NativeMethodAccessorImpl.invoke(NativeMethodAccessorImpl.java:62)
at sun.reflect.DelegatingMethodAccessorImpl.invoke(DelegatingMethodAccessorImpl.java:43)
at java.lang.reflect.Method.invoke(Method.java:498)
at org.testng.internal.MethodInvocationHelper.invokeMethod(MethodInvocationHelper.java:124)
at org.testng.internal.Invoker.invokeMethod(Invoker.java:583)
at org.testng.internal.Invoker.invokeTestMethod(Invoker.java:719)
at org.testng.internal.Invoker.invokeTestMethods(Invoker.java:989)
at org.testng.internal.TestMethodWorker.invokeTestMethods(TestMethodWorker.java:125)
at org.testng.internal.TestMethodWorker.run(TestMethodWorker.java:109)
at org.testng.TestRunner.privateRun(TestRunner.java:648)
at org.testng.TestRunner.run(TestRunner.java:505)
at org.testng.SuiteRunner.runTest(SuiteRunner.java:455)
at org.testng.SuiteRunner.runSequentially(SuiteRunner.java:450)
at org.testng.SuiteRunner.privateRun(SuiteRunner.java:415)
at org.testng.SuiteRunner.run(SuiteRunner.java:364)
at org.testng.SuiteRunnerWorker.runSuite(SuiteRunnerWorker.java:52)
at org.testng.SuiteRunnerWorker.run(SuiteRunnerWorker.java:84)
at org.testng.TestNG.runSuitesSequentially(TestNG.java:1208)
at org.testng.TestNG.runSuitesLocally(TestNG.java:1137)
at org.testng.TestNG.runSuites(TestNG.java:1049)
at org.testng.TestNG.run(TestNG.java:1017)
at org.testng.remote.AbstractRemoteTestNG.run(AbstractRemoteTestNG.java:115)
at org.testng.remote.RemoteTestNG.initAndRun(RemoteTestNG.java:251)
at org.testng.remote.RemoteTestNG.main(RemoteTestNG.java:77)
]]>
            </full-stacktrace>
          </exception> <!-- junit.framework.ComparisonFailure -->
          <reporter-output>
          </reporter-output>
        </test-method> <!-- checkServerType -->
        <test-method status="PASS" signature="checkStatusCode()[pri:0, instance:com.employee.testcases.TC005_Delete_Employee_Record@5442a311]" name="checkStatusCode" duration-ms="0" started-at="2019-12-03T12:49:34Z" finished-at="2019-12-03T12:49:34Z">
          <reporter-output>
          </reporter-output>
        </test-method> <!-- checkStatusCode -->
        <test-method status="PASS" signature="checkStatusLine()[pri:0, instance:com.employee.testcases.TC005_Delete_Employee_Record@5442a311]" name="checkStatusLine" duration-ms="0" started-at="2019-12-03T12:49:34Z" finished-at="2019-12-03T12:49:34Z">
          <reporter-output>
          </reporter-output>
        </test-method> <!-- checkStatusLine -->
        <test-method status="PASS" signature="tearDown()[pri:0, instance:com.employee.testcases.TC005_Delete_Employee_Record@5442a311]" name="tearDown" is-config="true" duration-ms="33" started-at="2019-12-03T12:49:34Z" finished-at="2019-12-03T12:49:34Z">
          <reporter-output>
          </reporter-output>
        </test-method> <!-- tearDown -->
      </class> <!-- com.employee.testcases.TC005_Delete_Employee_Record -->
      <class name="com.employee.testcases.TC002_Get_Single_Employee_Record">
        <test-method status="PASS" signature="getEmployeeData()[pri:0, instance:com.employee.testcases.TC002_Get_Single_Employee_Record@548e7350]" name="getEmployeeData" is-config="true" duration-ms="4153" started-at="2019-12-03T12:49:34Z" finished-at="2019-12-03T12:49:38Z">
          <reporter-output>
          </reporter-output>
        </test-method> <!-- getEmployeeData -->
        <test-method status="PASS" signature="setUp()[pri:0, instance:com.employee.testcases.TC002_Get_Single_Employee_Record@548e7350]" name="setUp" is-config="true" duration-ms="0" started-at="2019-12-03T12:49:34Z" finished-at="2019-12-03T12:49:34Z">
          <reporter-output>
          </reporter-output>
        </test-method> <!-- setUp -->
        <test-method status="PASS" signature="checkContentType()[pri:0, instance:com.employee.testcases.TC002_Get_Single_Employee_Record@548e7350]" name="checkContentType" duration-ms="16" started-at="2019-12-03T12:49:38Z" finished-at="2019-12-03T12:49:38Z">
          <reporter-output>
          </reporter-output>
        </test-method> <!-- checkContentType -->
        <test-method status="PASS" signature="checkContentLength()[pri:0, instance:com.employee.testcases.TC002_Get_Single_Employee_Record@548e7350]" name="checkContentLength" duration-ms="0" started-at="2019-12-03T12:49:38Z" finished-at="2019-12-03T12:49:38Z">
          <reporter-output>
          </reporter-output>
        </test-method> <!-- checkContentLength -->
        <test-method status="PASS" signature="checkResponseBody()[pri:0, instance:com.employee.testcases.TC002_Get_Single_Employee_Record@548e7350]" name="checkResponseBody" duration-ms="15" started-at="2019-12-03T12:49:38Z" finished-at="2019-12-03T12:49:38Z">
          <reporter-output>
          </reporter-output>
        </test-method> <!-- checkResponseBody -->
        <test-method status="PASS" signature="checkResponseTime()[pri:0, instance:com.employee.testcases.TC002_Get_Single_Employee_Record@548e7350]" name="checkResponseTime" duration-ms="0" started-at="2019-12-03T12:49:38Z" finished-at="2019-12-03T12:49:38Z">
          <reporter-output>
          </reporter-output>
        </test-method> <!-- checkResponseTime -->
        <test-method status="PASS" signature="checkServerType()[pri:0, instance:com.employee.testcases.TC002_Get_Single_Employee_Record@548e7350]" name="checkServerType" duration-ms="6" started-at="2019-12-03T12:49:38Z" finished-at="2019-12-03T12:49:38Z">
          <reporter-output>
          </reporter-output>
        </test-method> <!-- checkServerType -->
        <test-method status="PASS" signature="checkStatusCode()[pri:0, instance:com.employee.testcases.TC002_Get_Single_Employee_Record@548e7350]" name="checkStatusCode" duration-ms="5" started-at="2019-12-03T12:49:38Z" finished-at="2019-12-03T12:49:38Z">
          <reporter-output>
          </reporter-output>
        </test-method> <!-- checkStatusCode -->
        <test-method status="PASS" signature="checkStatusLine()[pri:0, instance:com.employee.testcases.TC002_Get_Single_Employee_Record@548e7350]" name="checkStatusLine" duration-ms="4" started-at="2019-12-03T12:49:38Z" finished-at="2019-12-03T12:49:38Z">
          <reporter-output>
          </reporter-output>
        </test-method> <!-- checkStatusLine -->
        <test-method status="PASS" signature="tearDown()[pri:0, instance:com.employee.testcases.TC002_Get_Single_Employee_Record@548e7350]" name="tearDown" is-config="true" duration-ms="0" started-at="2019-12-03T12:49:38Z" finished-at="2019-12-03T12:49:38Z">
          <reporter-output>
          </reporter-output>
        </test-method> <!-- tearDown -->
      </class> <!-- com.employee.testcases.TC002_Get_Single_Employee_Record -->
      <class name="com.employee.testcases.TC001_Get_All_Employees">
        <test-method status="PASS" signature="setUp()[pri:0, instance:com.employee.testcases.TC001_Get_All_Employees@343f4d3d]" name="setUp" is-config="true" duration-ms="16" started-at="2019-12-03T12:49:13Z" finished-at="2019-12-03T12:49:13Z">
          <reporter-output>
          </reporter-output>
        </test-method> <!-- setUp -->
        <test-method status="PASS" signature="getAllEmployees()[pri:0, instance:com.employee.testcases.TC001_Get_All_Employees@343f4d3d]" name="getAllEmployees" is-config="true" duration-ms="4369" started-at="2019-12-03T12:49:13Z" finished-at="2019-12-03T12:49:18Z">
          <reporter-output>
          </reporter-output>
        </test-method> <!-- getAllEmployees -->
        <test-method status="PASS" signature="checkContentEncoding()[pri:0, instance:com.employee.testcases.TC001_Get_All_Employees@343f4d3d]" name="checkContentEncoding" duration-ms="31" started-at="2019-12-03T12:49:18Z" finished-at="2019-12-03T12:49:18Z">
          <reporter-output>
          </reporter-output>
        </test-method> <!-- checkContentEncoding -->
        <test-method status="FAIL" signature="checkContentLength()[pri:0, instance:com.employee.testcases.TC001_Get_All_Employees@343f4d3d]" name="checkContentLength" duration-ms="0" started-at="2019-12-03T12:49:18Z" finished-at="2019-12-03T12:49:18Z">
          <exception class="java.lang.NumberFormatException">
            <message>
              <![CDATA[null]]>
            </message>
            <full-stacktrace>
              <![CDATA[java.lang.NumberFormatException: null
at java.lang.Integer.parseInt(Integer.java:542)
at java.lang.Integer.parseInt(Integer.java:615)
at com.employee.testcases.TC001_Get_All_Employees.checkContentLength(TC001_Get_All_Employees.java:101)
at sun.reflect.NativeMethodAccessorImpl.invoke0(Native Method)
at sun.reflect.NativeMethodAccessorImpl.invoke(NativeMethodAccessorImpl.java:62)
at sun.reflect.DelegatingMethodAccessorImpl.invoke(DelegatingMethodAccessorImpl.java:43)
at java.lang.reflect.Method.invoke(Method.java:498)
at org.testng.internal.MethodInvocationHelper.invokeMethod(MethodInvocationHelper.java:124)
at org.testng.internal.Invoker.invokeMethod(Invoker.java:583)
at org.testng.internal.Invoker.invokeTestMethod(Invoker.java:719)
at org.testng.internal.Invoker.invokeTestMethods(Invoker.java:989)
at org.testng.internal.TestMethodWorker.invokeTestMethods(TestMethodWorker.java:125)
at org.testng.internal.TestMethodWorker.run(TestMethodWorker.java:109)
at org.testng.TestRunner.privateRun(TestRunner.java:648)
at org.testng.TestRunner.run(TestRunner.java:505)
at org.testng.SuiteRunner.runTest(SuiteRunner.java:455)
at org.testng.SuiteRunner.runSequentially(SuiteRunner.java:450)
at org.testng.SuiteRunner.privateRun(SuiteRunner.java:415)
at org.testng.SuiteRunner.run(SuiteRunner.java:364)
at org.testng.SuiteRunnerWorker.runSuite(SuiteRunnerWorker.java:52)
at org.testng.SuiteRunnerWorker.run(SuiteRunnerWorker.java:84)
at org.testng.TestNG.runSuitesSequentially(TestNG.java:1208)
at org.testng.TestNG.runSuitesLocally(TestNG.java:1137)
at org.testng.TestNG.runSuites(TestNG.java:1049)
at org.testng.TestNG.run(TestNG.java:1017)
at org.testng.remote.AbstractRemoteTestNG.run(AbstractRemoteTestNG.java:115)
at org.testng.remote.RemoteTestNG.initAndRun(RemoteTestNG.java:251)
at org.testng.remote.RemoteTestNG.main(RemoteTestNG.java:77)
]]>
            </full-stacktrace>
          </exception> <!-- java.lang.NumberFormatException -->
          <reporter-output>
          </reporter-output>
        </test-method> <!-- checkContentLength -->
        <test-method status="PASS" signature="checkCookies()[pri:0, instance:com.employee.testcases.TC001_Get_All_Employees@343f4d3d]" name="checkCookies" duration-ms="16" started-at="2019-12-03T12:49:18Z" finished-at="2019-12-03T12:49:18Z">
          <reporter-output>
          </reporter-output>
        </test-method> <!-- checkCookies -->
        <test-method status="PASS" signature="checkContentType()[pri:0, instance:com.employee.testcases.TC001_Get_All_Employees@343f4d3d]" name="checkContentType" duration-ms="0" started-at="2019-12-03T12:49:18Z" finished-at="2019-12-03T12:49:18Z">
          <reporter-output>
          </reporter-output>
        </test-method> <!-- checkContentType -->
        <test-method status="PASS" signature="checkResponseBody()[pri:0, instance:com.employee.testcases.TC001_Get_All_Employees@343f4d3d]" name="checkResponseBody" duration-ms="15" started-at="2019-12-03T12:49:18Z" finished-at="2019-12-03T12:49:18Z">
          <reporter-output>
          </reporter-output>
        </test-method> <!-- checkResponseBody -->
        <test-method status="PASS" signature="checkResponseTime()[pri:0, instance:com.employee.testcases.TC001_Get_All_Employees@343f4d3d]" name="checkResponseTime" duration-ms="16" started-at="2019-12-03T12:49:18Z" finished-at="2019-12-03T12:49:18Z">
          <reporter-output>
          </reporter-output>
        </test-method> <!-- checkResponseTime -->
        <test-method status="PASS" signature="checkServerType()[pri:0, instance:com.employee.testcases.TC001_Get_All_Employees@343f4d3d]" name="checkServerType" duration-ms="16" started-at="2019-12-03T12:49:18Z" finished-at="2019-12-03T12:49:18Z">
          <reporter-output>
          </reporter-output>
        </test-method> <!-- checkServerType -->
        <test-method status="PASS" signature="checkStatusCode()[pri:0, instance:com.employee.testcases.TC001_Get_All_Employees@343f4d3d]" name="checkStatusCode" duration-ms="0" started-at="2019-12-03T12:49:18Z" finished-at="2019-12-03T12:49:18Z">
          <reporter-output>
          </reporter-output>
        </test-method> <!-- checkStatusCode -->
        <test-method status="PASS" signature="checkStatusLine()[pri:0, instance:com.employee.testcases.TC001_Get_All_Employees@343f4d3d]" name="checkStatusLine" duration-ms="0" started-at="2019-12-03T12:49:18Z" finished-at="2019-12-03T12:49:18Z">
          <reporter-output>
          </reporter-output>
        </test-method> <!-- checkStatusLine -->
        <test-method status="PASS" signature="tearDown()[pri:0, instance:com.employee.testcases.TC001_Get_All_Employees@343f4d3d]" name="tearDown" is-config="true" duration-ms="0" started-at="2019-12-03T12:49:18Z" finished-at="2019-12-03T12:49:18Z">
          <reporter-output>
          </reporter-output>
        </test-method> <!-- tearDown -->
      </class> <!-- com.employee.testcases.TC001_Get_All_Employees -->
    </test> <!-- Test -->
  </suite> <!-- Suite -->
</testng-results>
